Performing C++ SOURCE FILE Test CMAKE_HAVE_LIBC_PTHREAD failed with the following output:
Change Dir: /home/erkanina/advanced-server2/build/CMakeFiles/CMakeTmp

Run Build Command(s):/usr/bin/make cmTC_da648/fast && /usr/bin/make -f CMakeFiles/cmTC_da648.dir/build.make CMakeFiles/cmTC_da648.dir/build
make[1]: Entering directory '/home/erkanina/advanced-server2/build/CMakeFiles/CMakeTmp'
Building CXX object CMakeFiles/cmTC_da648.dir/src.cxx.o
/usr/bin/c++    -DCMAKE_HAVE_LIBC_PTHREAD   -std=gnu++17 -o CMakeFiles/cmTC_da648.dir/src.cxx.o -c /home/erkanina/advanced-server2/build/CMakeFiles/CMakeTmp/src.cxx
Linking CXX executable cmTC_da648
/usr/bin/cmake -E cmake_link_script CMakeFiles/cmTC_da648.dir/link.txt --verbose=1
/usr/bin/c++   -DCMAKE_HAVE_LIBC_PTHREAD    CMakeFiles/cmTC_da648.dir/src.cxx.o  -o cmTC_da648 
/usr/bin/ld: CMakeFiles/cmTC_da648.dir/src.cxx.o: in function `main':
src.cxx:(.text+0x46): undefined reference to `pthread_create'
/usr/bin/ld: src.cxx:(.text+0x52): undefined reference to `pthread_detach'
/usr/bin/ld: src.cxx:(.text+0x63): undefined reference to `pthread_join'
collect2: error: ld returned 1 exit status
make[1]: *** [CMakeFiles/cmTC_da648.dir/build.make:87: cmTC_da648] Error 1
make[1]: Leaving directory '/home/erkanina/advanced-server2/build/CMakeFiles/CMakeTmp'
make: *** [Makefile:121: cmTC_da648/fast] Error 2


Source file was:
#include <pthread.h>

void* test_func(void* data)
{
  return data;
}

int main(void)
{
  pthread_t thread;
  pthread_create(&thread, NULL, test_func, NULL);
  pthread_detach(thread);
  pthread_join(thread, NULL);
  pthread_atfork(NULL, NULL, NULL);
  pthread_exit(NULL);

  return 0;
}

Determining if the function pthread_create exists in the pthreads failed with the following output:
Change Dir: /home/erkanina/advanced-server2/build/CMakeFiles/CMakeTmp

Run Build Command(s):/usr/bin/make cmTC_75cf1/fast && /usr/bin/make -f CMakeFiles/cmTC_75cf1.dir/build.make CMakeFiles/cmTC_75cf1.dir/build
make[1]: Entering directory '/home/erkanina/advanced-server2/build/CMakeFiles/CMakeTmp'
Building CXX object CMakeFiles/cmTC_75cf1.dir/CheckFunctionExists.cxx.o
/usr/bin/c++    -DCHECK_FUNCTION_EXISTS=pthread_create   -std=gnu++17 -o CMakeFiles/cmTC_75cf1.dir/CheckFunctionExists.cxx.o -c /home/erkanina/advanced-server2/build/CMakeFiles/CheckLibraryExists/CheckFunctionExists.cxx
Linking CXX executable cmTC_75cf1
/usr/bin/cmake -E cmake_link_script CMakeFiles/cmTC_75cf1.dir/link.txt --verbose=1
/usr/bin/c++   -DCHECK_FUNCTION_EXISTS=pthread_create    CMakeFiles/cmTC_75cf1.dir/CheckFunctionExists.cxx.o  -o cmTC_75cf1  -lpthreads 
/usr/bin/ld: cannot find -lpthreads
collect2: error: ld returned 1 exit status
make[1]: *** [CMakeFiles/cmTC_75cf1.dir/build.make:87: cmTC_75cf1] Error 1
make[1]: Leaving directory '/home/erkanina/advanced-server2/build/CMakeFiles/CMakeTmp'
make: *** [Makefile:121: cmTC_75cf1/fast] Error 2



Performing C++ SOURCE FILE Test CMAKE_HAVE_LIBC_PTHREAD failed with the following output:
Change Dir: /home/erkanina/advanced-server2/build/CMakeFiles/CMakeTmp

Run Build Command(s):/usr/bin/make cmTC_48331/fast && /usr/bin/make -f CMakeFiles/cmTC_48331.dir/build.make CMakeFiles/cmTC_48331.dir/build
make[1]: Entering directory '/home/erkanina/advanced-server2/build/CMakeFiles/CMakeTmp'
Building CXX object CMakeFiles/cmTC_48331.dir/src.cxx.o
/usr/bin/c++    -DCMAKE_HAVE_LIBC_PTHREAD   -std=gnu++17 -o CMakeFiles/cmTC_48331.dir/src.cxx.o -c /home/erkanina/advanced-server2/build/CMakeFiles/CMakeTmp/src.cxx
Linking CXX executable cmTC_48331
/usr/bin/cmake -E cmake_link_script CMakeFiles/cmTC_48331.dir/link.txt --verbose=1
/usr/bin/c++   -DCMAKE_HAVE_LIBC_PTHREAD    CMakeFiles/cmTC_48331.dir/src.cxx.o  -o cmTC_48331 
/usr/bin/ld: CMakeFiles/cmTC_48331.dir/src.cxx.o: in function `main':
src.cxx:(.text+0x46): undefined reference to `pthread_create'
/usr/bin/ld: src.cxx:(.text+0x52): undefined reference to `pthread_detach'
/usr/bin/ld: src.cxx:(.text+0x63): undefined reference to `pthread_join'
collect2: error: ld returned 1 exit status
make[1]: *** [CMakeFiles/cmTC_48331.dir/build.make:87: cmTC_48331] Error 1
make[1]: Leaving directory '/home/erkanina/advanced-server2/build/CMakeFiles/CMakeTmp'
make: *** [Makefile:121: cmTC_48331/fast] Error 2


Source file was:
#include <pthread.h>

void* test_func(void* data)
{
  return data;
}

int main(void)
{
  pthread_t thread;
  pthread_create(&thread, NULL, test_func, NULL);
  pthread_detach(thread);
  pthread_join(thread, NULL);
  pthread_atfork(NULL, NULL, NULL);
  pthread_exit(NULL);

  return 0;
}

Determining if the function pthread_create exists in the pthreads failed with the following output:
Change Dir: /home/erkanina/advanced-server2/build/CMakeFiles/CMakeTmp

Run Build Command(s):/usr/bin/make cmTC_ebb03/fast && /usr/bin/make -f CMakeFiles/cmTC_ebb03.dir/build.make CMakeFiles/cmTC_ebb03.dir/build
make[1]: Entering directory '/home/erkanina/advanced-server2/build/CMakeFiles/CMakeTmp'
Building CXX object CMakeFiles/cmTC_ebb03.dir/CheckFunctionExists.cxx.o
/usr/bin/c++    -DCHECK_FUNCTION_EXISTS=pthread_create   -std=gnu++17 -o CMakeFiles/cmTC_ebb03.dir/CheckFunctionExists.cxx.o -c /home/erkanina/advanced-server2/build/CMakeFiles/CheckLibraryExists/CheckFunctionExists.cxx
Linking CXX executable cmTC_ebb03
/usr/bin/cmake -E cmake_link_script CMakeFiles/cmTC_ebb03.dir/link.txt --verbose=1
/usr/bin/c++   -DCHECK_FUNCTION_EXISTS=pthread_create    CMakeFiles/cmTC_ebb03.dir/CheckFunctionExists.cxx.o  -o cmTC_ebb03  -lpthreads 
/usr/bin/ld: cannot find -lpthreads
collect2: error: ld returned 1 exit status
make[1]: *** [CMakeFiles/cmTC_ebb03.dir/build.make:87: cmTC_ebb03] Error 1
make[1]: Leaving directory '/home/erkanina/advanced-server2/build/CMakeFiles/CMakeTmp'
make: *** [Makefile:121: cmTC_ebb03/fast] Error 2



